Unity Editor version:    2020.3.31f1 (6b54b7616050)
Branch:                  2020.3/release
Build type:              Release
Batch mode:              YES
macOS version:           Version 11.2 (Build 20D64)
Darwin version:          20.3.0
Architecture:            x86_64
Running under Rosetta:   NO
Available memory:        32768 MB
Using pre-set license
Pro License: NO

COMMAND LINE ARGUMENTS:
/Applications/Unity/Hub/Editor/2020.3.31f1/Unity.app/Contents/MacOS/Unity
-adb2
-batchMode
-noUpm
-name
AssetImportWorker0
-projectPath
/Users/vanessafinkenzeller/Desktop/Valencia/Robotic world
-logFile
Logs/AssetImportWorker0.log
-srvPort
59144
Successfully changed project path to: /Users/vanessafinkenzeller/Desktop/Valencia/Robotic world
/Users/vanessafinkenzeller/Desktop/Valencia/Robotic world
Using Asset Import Pipeline V2.
Refreshing native plugins compatible for Editor in 60.78 ms, found 2 plugins.
Preloading 0 native plugins for Editor in 0.00 ms.
Initialize engine version: 2020.3.31f1 (6b54b7616050)
[Subsystems] Discovering subsystems at path /Applications/Unity/Hub/Editor/2020.3.31f1/Unity.app/Contents/Resources/UnitySubsystems
[Subsystems] Discovering subsystems at path /Users/vanessafinkenzeller/Desktop/Valencia/Robotic world/Assets
GfxDevice: creating device client; threaded=0
2022-06-07 15:00:31.097 Unity[87024:2689500] Color LCD preferred device: AMD Radeon Pro 5500M (high power)
2022-06-07 15:00:31.097 Unity[87024:2689500] Metal devices available: 2
2022-06-07 15:00:31.097 Unity[87024:2689500] 0: AMD Radeon Pro 5500M (high power)
2022-06-07 15:00:31.097 Unity[87024:2689500] 1: Intel(R) UHD Graphics 630 (low power)
2022-06-07 15:00:31.097 Unity[87024:2689500] Using device AMD Radeon Pro 5500M (high power)
Initializing Metal device caps: AMD Radeon Pro 5500M
Initialize mono
Mono path[0] = '/Applications/Unity/Hub/Editor/2020.3.31f1/Unity.app/Contents/Managed'
Mono path[1] = '/Applications/Unity/Hub/Editor/2020.3.31f1/Unity.app/Contents/MonoBleedingEdge/lib/mono/unityjit'
Mono config path = '/Applications/Unity/Hub/Editor/2020.3.31f1/Unity.app/Contents/MonoBleedingEdge/etc'
Using monoOptions --debugger-agent=transport=dt_socket,embedding=1,server=y,suspend=n,address=127.0.0.1:56024
Begin MonoManager ReloadAssembly
Registering precompiled unity dll's ...
Register platform support module: /Applications/Unity/Hub/Editor/2020.3.31f1/PlaybackEngines/WebGLSupport/UnityEditor.WebGL.Extensions.dll
Register platform support module: /Applications/Unity/Hub/Editor/2020.3.31f1/Unity.app/Contents/PlaybackEngines/MacStandaloneSupport/UnityEditor.OSXStandalone.Extensions.dll
Registered in 0.000593 seconds.
Native extension for OSXStandalone target not found
Native extension for WebGL target not found
Refreshing native plugins compatible for Editor in 53.53 ms, found 2 plugins.
Preloading 0 native plugins for Editor in 0.00 ms.
Mono: successfully reloaded assembly
- Completed reload, in  0.682 seconds
Domain Reload Profiling:
	ReloadAssembly (682ms)
		BeginReloadAssembly (55ms)
			ExecutionOrderSort (0ms)
			DisableScriptedObjects (0ms)
			BackupInstance (0ms)
			ReleaseScriptingObjects (0ms)
			CreateAndSetChildDomain (1ms)
		EndReloadAssembly (543ms)
			LoadAssemblies (54ms)
			RebuildTransferFunctionScriptingTraits (0ms)
			SetupTypeCache (203ms)
			ReleaseScriptCaches (0ms)
			RebuildScriptCaches (42ms)
			SetupLoadedEditorAssemblies (197ms)
				LogAssemblyErrors (0ms)
				InitializePlatformSupportModulesInManaged (5ms)
				SetLoadedEditorAssemblies (0ms)
				RefreshPlugins (54ms)
				BeforeProcessingInitializeOnLoad (11ms)
				ProcessInitializeOnLoadAttributes (99ms)
				ProcessInitializeOnLoadMethodAttributes (28ms)
				AfterProcessingInitializeOnLoad (0ms)
				EditorAssembliesLoaded (0ms)
			ExecutionOrderSort2 (0ms)
			AwakeInstancesAfterBackupRestoration (0ms)
Platform modules already initialized, skipping
Registering precompiled user dll's ...
Registered in 0.001227 seconds.
Begin MonoManager ReloadAssembly
Native extension for OSXStandalone target not found
Native extension for WebGL target not found
Refreshing native plugins compatible for Editor in 48.10 ms, found 2 plugins.
Preloading 0 native plugins for Editor in 0.00 ms.
Mono: successfully reloaded assembly
- Completed reload, in  1.206 seconds
Domain Reload Profiling:
	ReloadAssembly (1207ms)
		BeginReloadAssembly (157ms)
			ExecutionOrderSort (0ms)
			DisableScriptedObjects (5ms)
			BackupInstance (0ms)
			ReleaseScriptingObjects (0ms)
			CreateAndSetChildDomain (32ms)
		EndReloadAssembly (990ms)
			LoadAssemblies (75ms)
			RebuildTransferFunctionScriptingTraits (0ms)
			SetupTypeCache (342ms)
			ReleaseScriptCaches (0ms)
			RebuildScriptCaches (60ms)
			SetupLoadedEditorAssemblies (399ms)
				LogAssemblyErrors (0ms)
				InitializePlatformSupportModulesInManaged (4ms)
				SetLoadedEditorAssemblies (0ms)
				RefreshPlugins (48ms)
				BeforeProcessingInitializeOnLoad (57ms)
				ProcessInitializeOnLoadAttributes (277ms)
				ProcessInitializeOnLoadMethodAttributes (11ms)
				AfterProcessingInitializeOnLoad (1ms)
				EditorAssembliesLoaded (0ms)
			ExecutionOrderSort2 (0ms)
			AwakeInstancesAfterBackupRestoration (7ms)
Platform modules already initialized, skipping
Validating Project structure ... 0.011541 seconds.
Shader import version has changed; will reimport all shaders...
Upgrading shader files ...0.014922 seconds.
Application.AssetDatabase Initial Script Refresh Start
RefreshInfo: InitialScriptRefreshV2(NoUpdateAssetOptions) scanfilter:  ... 1 filters
RefreshProfiler: Total: 0.000ms
Application.AssetDatabase Initial Script Refresh End
Application.AssetDatabase.Refresh Start
Application.AssetDatabase.Refresh End
RefreshInfo: StopAssetImportingV2(ForceSynchronousImport) scanfilter: 
RefreshProfiler: Total: 0.000ms
Launching external process: /Applications/Unity/Hub/Editor/2020.3.31f1/Unity.app/Contents/Tools/UnityShaderCompiler
Launched and connected shader compiler UnityShaderCompiler after 0.01 seconds
Initializing Unity extensions:
========================================================================
Worker process is ready to serve import requests
Refreshing native plugins compatible for Editor in 0.50 ms, found 2 plugins.
Preloading 0 native plugins for Editor in 0.00 ms.
Unloading 2635 Unused Serialized files (Serialized files now loaded: 0)
System memory in use before: 251.1 MB.
System memory in use after: 249.1 MB.

Unloading 229 unused Assets to reduce memory usage. Loaded Objects now: 3104.
Total: 3.345954 ms (FindLiveObjects: 0.166157 ms CreateObjectMapping: 0.086699 ms MarkObjects: 2.430167 ms  DeleteObjects: 0.662396 ms)

AssetImportParameters requested are different than current active one (requested -> active):
  custom:video-decoder-ogg-theora: a1e56fd34408186e4bbccfd4996cb3dc -> 
  custom:container-muxer-webm: aa71ff27fc2769a1b78a27578f13a17b -> 
  custom:container-demuxer-webm: 4f35f7cbe854078d1ac9338744f61a02 -> 
  custom:container-demuxer-ogg: 62fdf1f143b41e24485cea50d1cbac27 -> 
  custom:video-encoder-webm-vp8: eb34c28f22e8b96e1ab97ce403110664 -> 
  custom:framework-osx-AVFoundation: e770b220cccbd017edd2c1fefb359320 -> 
  custom:video-decoder-webm-vp8: 9c59270c3fd7afecdb556c50c9e8de78 -> 
  custom:audio-decoder-ogg-vorbis: bf7c407c2cedff20999df2af8eb42d56 -> 
  custom:audio-encoder-webm-vorbis: bf7c407c2cedff20999df2af8eb42d56 -> 
========================================================================
Received Import Request.
  path: Packages/com.unity.probuilder/Addons/Unity.ProBuilder.AddOns.Editor.asmdef
  artifactKey: Guid(2cfd637d8bffa4f3ebad425f3bdd33a2) Importer(815301076,1909f56bfc062723c751e8b465ee728b)
Start importing Packages/com.unity.probuilder/Addons/Unity.ProBuilder.AddOns.Editor.asmdef using Guid(2cfd637d8bffa4f3ebad425f3bdd33a2) Importer(815301076,1909f56bfc062723c751e8b465ee728b)  -> (artifact id: 'aff784ae4f0e3001ae88261674a40dcf') in 0.740001 seconds 
========================================================================
Received Import Request.
  Time since last request: 0.000241 seconds.
  path: Packages/com.unity.probuilder/Addons
  artifactKey: Guid(1db26a9bb354d42cda31cf8b83b7fed4) Importer(815301076,1909f56bfc062723c751e8b465ee728b)
Start importing Packages/com.unity.probuilder/Addons using Guid(1db26a9bb354d42cda31cf8b83b7fed4) Importer(815301076,1909f56bfc062723c751e8b465ee728b)  -> (artifact id: '243e502b438de0dbe57a4b109226deaa') in 0.000750 seconds 
========================================================================
Received Import Request.
  Time since last request: 645.820114 seconds.
  path: Assets/MaterialUI/Editor/05 - Indigo.colors
  artifactKey: Guid(98e4343bc84b79243b39ae7ab6021d37) Importer(815301076,1909f56bfc062723c751e8b465ee728b)
Start importing Assets/MaterialUI/Editor/05 - Indigo.colors using Guid(98e4343bc84b79243b39ae7ab6021d37) Importer(815301076,1909f56bfc062723c751e8b465ee728b)  -> (artifact id: '9966477176a8285e8117ecc3a927b12b') in 0.333135 seconds 
========================================================================
Received Import Request.
  Time since last request: 0.000217 seconds.
  path: Assets/MaterialUI/ComponentPrefabs/DialogBox - Scroll.prefab
  artifactKey: Guid(834dad9bcb6d00e40affa42d5cba4658) Importer(815301076,1909f56bfc062723c751e8b465ee728b)
Start importing Assets/MaterialUI/ComponentPrefabs/DialogBox - Scroll.prefab using Guid(834dad9bcb6d00e40affa42d5cba4658) Importer(815301076,1909f56bfc062723c751e8b465ee728b)  -> (artifact id: '1b6ecc6c62e71e5d1da124ccc5c52bc2') in 0.214621 seconds 
========================================================================
Received Import Request.
  Time since last request: 0.000226 seconds.
  path: Assets/MaterialUI/Fonts/Roboto-MediumItalic.ttf
  artifactKey: Guid(1c5714e62d93c9442a8767b2bb75cf85) Importer(815301076,1909f56bfc062723c751e8b465ee728b)
Start importing Assets/MaterialUI/Fonts/Roboto-MediumItalic.ttf using Guid(1c5714e62d93c9442a8767b2bb75cf85) Importer(815301076,1909f56bfc062723c751e8b465ee728b)  -> (artifact id: '3266a0e5e5bda99e21b7ee01e4411ce3') in 1.757871 seconds 
========================================================================
Received Import Request.
  Time since last request: 0.000282 seconds.
  path: Assets/MaterialUI/Examples/Prefabs/04 - RadioButton/RadioButtonDraft.prefab
  artifactKey: Guid(ceeaec551ad0f4fa794b21f9dee5fefd) Importer(815301076,1909f56bfc062723c751e8b465ee728b)
Start importing Assets/MaterialUI/Examples/Prefabs/04 - RadioButton/RadioButtonDraft.prefab using Guid(ceeaec551ad0f4fa794b21f9dee5fefd) Importer(815301076,1909f56bfc062723c751e8b465ee728b)  -> (artifact id: '54f9aeaa1ac88794cd3a4a6a27b006e0') in 0.015497 seconds 
========================================================================
Received Import Request.
  Time since last request: 0.000164 seconds.
  path: Assets/MaterialUI/ComponentPrefabs/RadioGroup.prefab
  artifactKey: Guid(97481fc23f965024184f6836759cf38e) Importer(815301076,1909f56bfc062723c751e8b465ee728b)
Start importing Assets/MaterialUI/ComponentPrefabs/RadioGroup.prefab using Guid(97481fc23f965024184f6836759cf38e) Importer(815301076,1909f56bfc062723c751e8b465ee728b)  -> (artifact id: '8dbaddb7decba387debdac99668fe27b') in 0.009113 seconds 
========================================================================
Received Import Request.
  Time since last request: 0.000207 seconds.
  path: Assets/MaterialUI/Fonts/Roboto-CondensedItalic.ttf
  artifactKey: Guid(fa424b937a2752b4a897eb7df2474357) Importer(815301076,1909f56bfc062723c751e8b465ee728b)
Start importing Assets/MaterialUI/Fonts/Roboto-CondensedItalic.ttf using Guid(fa424b937a2752b4a897eb7df2474357) Importer(815301076,1909f56bfc062723c751e8b465ee728b)  -> (artifact id: '2bccd65aee3b683d189e61bab717c69e') in 0.013808 seconds 
========================================================================
Received Import Request.
  Time since last request: 0.000172 seconds.
  path: Assets/MaterialUI/ComponentPrefabs/DialogBox - Normal.prefab
  artifactKey: Guid(a0adefcd62a142d4a87edf325df66d85) Importer(815301076,1909f56bfc062723c751e8b465ee728b)
Start importing Assets/MaterialUI/ComponentPrefabs/DialogBox - Normal.prefab using Guid(a0adefcd62a142d4a87edf325df66d85) Importer(815301076,1909f56bfc062723c751e8b465ee728b)  -> (artifact id: 'feb74701d71341bce6822de8254221fb') in 0.008843 seconds 
========================================================================
Received Import Request.
  Time since last request: 0.000172 seconds.
  path: Assets/MaterialUI/Fonts/Roboto-BoldItalic.ttf
  artifactKey: Guid(48db3625cf615f24e95a49691bdd1302) Importer(815301076,1909f56bfc062723c751e8b465ee728b)
Start importing Assets/MaterialUI/Fonts/Roboto-BoldItalic.ttf using Guid(48db3625cf615f24e95a49691bdd1302) Importer(815301076,1909f56bfc062723c751e8b465ee728b)  -> (artifact id: '068f10fed03c6e1287d2d1f31e74812e') in 0.018091 seconds 
========================================================================
Received Import Request.
  Time since last request: 0.000152 seconds.
  path: Assets/MaterialUI/ComponentPrefabs/DialogBox - Simple.prefab
  artifactKey: Guid(b418960cab60ab1458465d8642b50a85) Importer(815301076,1909f56bfc062723c751e8b465ee728b)
Start importing Assets/MaterialUI/ComponentPrefabs/DialogBox - Simple.prefab using Guid(b418960cab60ab1458465d8642b50a85) Importer(815301076,1909f56bfc062723c751e8b465ee728b)  -> (artifact id: '0de44d7eb86775343166cedad506df77') in 0.009205 seconds 
========================================================================
Received Import Request.
  Time since last request: 0.000156 seconds.
  path: Assets/MaterialUI/Fonts/RobotoCondensed-BoldItalic.ttf
  artifactKey: Guid(79bd2e2c883c8d249ab6aa825d5fb183) Importer(815301076,1909f56bfc062723c751e8b465ee728b)
Start importing Assets/MaterialUI/Fonts/RobotoCondensed-BoldItalic.ttf using Guid(79bd2e2c883c8d249ab6aa825d5fb183) Importer(815301076,1909f56bfc062723c751e8b465ee728b)  -> (artifact id: '98daa91eda0b5a96deb3a18666d86128') in 0.014179 seconds 
========================================================================
Received Import Request.
  Time since last request: 0.000166 seconds.
  path: Assets/MaterialUI/Fonts/Roboto-Medium.ttf
  artifactKey: Guid(ad105ce5c1a24a84f87df69819b699f8) Importer(815301076,1909f56bfc062723c751e8b465ee728b)
Start importing Assets/MaterialUI/Fonts/Roboto-Medium.ttf using Guid(ad105ce5c1a24a84f87df69819b699f8) Importer(815301076,1909f56bfc062723c751e8b465ee728b)  -> (artifact id: '95a176959ff4592bf8cfa01535a2ee54') in 0.012112 seconds 
========================================================================
Received Import Request.
  Time since last request: 0.000167 seconds.
  path: Assets/MaterialUI/Fonts/Roboto-BoldCondensedItalic.ttf
  artifactKey: Guid(fe70e1f71b6ed444da1587a1c2a29b05) Importer(815301076,1909f56bfc062723c751e8b465ee728b)
Start importing Assets/MaterialUI/Fonts/Roboto-BoldCondensedItalic.ttf using Guid(fe70e1f71b6ed444da1587a1c2a29b05) Importer(815301076,1909f56bfc062723c751e8b465ee728b)  -> (artifact id: 'a3a39016802ed6f4ac45834056f6eeea') in 0.017175 seconds 
========================================================================
Received Import Request.
  Time since last request: 2573.514723 seconds.
  path: Assets/RPG Monster Duo PBR Polyart/Promotion.jpg
  artifactKey: Guid(2a5a5f4f146cce3499cfcc7ee45b9b1a) Importer(815301076,1909f56bfc062723c751e8b465ee728b)
Start importing Assets/RPG Monster Duo PBR Polyart/Promotion.jpg using Guid(2a5a5f4f146cce3499cfcc7ee45b9b1a) Importer(815301076,1909f56bfc062723c751e8b465ee728b)  -> (artifact id: 'b142b7b43b6e1eaceb79a83553048206') in 1.037710 seconds 
========================================================================
Received Import Request.
  Time since last request: 5.064503 seconds.
  path: Assets/RPG Monster Duo PBR Polyart/Prefabs
  artifactKey: Guid(8127742742335384f97472bb26841d4c) Importer(815301076,1909f56bfc062723c751e8b465ee728b)
Start importing Assets/RPG Monster Duo PBR Polyart/Prefabs using Guid(8127742742335384f97472bb26841d4c) Importer(815301076,1909f56bfc062723c751e8b465ee728b)  -> (artifact id: 'b4610f5b80338e2078f4b0833a707eda') in 0.000926 seconds 
========================================================================
Received Import Request.
  Time since last request: 0.686596 seconds.
  path: Assets/RPG Monster Duo PBR Polyart/Meshes
  artifactKey: Guid(206397375804bf34b866bcf1f881c950) Importer(815301076,1909f56bfc062723c751e8b465ee728b)
Start importing Assets/RPG Monster Duo PBR Polyart/Meshes using Guid(206397375804bf34b866bcf1f881c950) Importer(815301076,1909f56bfc062723c751e8b465ee728b)  -> (artifact id: '2bbfeeb7d3c4278b2de5dd8dc526f187') in 0.000812 seconds 
========================================================================
Received Import Request.
  Time since last request: 1.021062 seconds.
  path: Assets/RPG Monster Duo PBR Polyart/Animators
  artifactKey: Guid(af8440f9a15060a4480c02c3ab72ee6c) Importer(815301076,1909f56bfc062723c751e8b465ee728b)
Start importing Assets/RPG Monster Duo PBR Polyart/Animators using Guid(af8440f9a15060a4480c02c3ab72ee6c) Importer(815301076,1909f56bfc062723c751e8b465ee728b)  -> (artifact id: 'dee2d2c33a6216349fd774236187883f') in 0.001150 seconds 
========================================================================
Received Import Request.
  Time since last request: 4.278221 seconds.
  path: Assets/RPG Monster Duo PBR Polyart/Animations
  artifactKey: Guid(389170da8f2a7b54fab118388ba480a6) Importer(815301076,1909f56bfc062723c751e8b465ee728b)
Start importing Assets/RPG Monster Duo PBR Polyart/Animations using Guid(389170da8f2a7b54fab118388ba480a6) Importer(815301076,1909f56bfc062723c751e8b465ee728b)  -> (artifact id: 'bc57cea090efe2230ba7a9ce7113f997') in 0.000837 seconds 
========================================================================
Received Import Request.
  Time since last request: 2.446188 seconds.
  path: Assets/RPG Monster Duo PBR Polyart/Materials
  artifactKey: Guid(a9542135e3940dd449ec2cf59b7d110c) Importer(815301076,1909f56bfc062723c751e8b465ee728b)
Start importing Assets/RPG Monster Duo PBR Polyart/Materials using Guid(a9542135e3940dd449ec2cf59b7d110c) Importer(815301076,1909f56bfc062723c751e8b465ee728b)  -> (artifact id: '2929470e0b789ce3a4377b360e297b60') in 0.000807 seconds 
========================================================================
Received Import Request.
  Time since last request: 0.074773 seconds.
  path: Assets/RPG Monster Duo PBR Polyart/Materials/PolyartDefault.mat
  artifactKey: Guid(507d4aa237c275a48b72e5772879be66) Importer(815301076,1909f56bfc062723c751e8b465ee728b)
Start importing Assets/RPG Monster Duo PBR Polyart/Materials/PolyartDefault.mat using Guid(507d4aa237c275a48b72e5772879be66) Importer(815301076,1909f56bfc062723c751e8b465ee728b)  -> (artifact id: '5a9cd898d8cab13042cee1b53f308400') in 0.169297 seconds 
========================================================================
Received Import Request.
  Time since last request: 0.000165 seconds.
  path: Assets/RPG Monster Duo PBR Polyart/Materials/TurtleShellPBR.mat
  artifactKey: Guid(b3ad386aba28716448079dcf67d7aede) Importer(815301076,1909f56bfc062723c751e8b465ee728b)
Start importing Assets/RPG Monster Duo PBR Polyart/Materials/TurtleShellPBR.mat using Guid(b3ad386aba28716448079dcf67d7aede) Importer(815301076,1909f56bfc062723c751e8b465ee728b)  -> (artifact id: '723af3c2b3e9fdf08cfe6e80fd870d2f') in 0.187914 seconds 
========================================================================
Received Import Request.
  Time since last request: 0.000180 seconds.
  path: Assets/RPG Monster Duo PBR Polyart/Materials/Stage.mat
  artifactKey: Guid(19f8a934c4d1c2b47b1d094b83f39fb0) Importer(815301076,1909f56bfc062723c751e8b465ee728b)
Start importing Assets/RPG Monster Duo PBR Polyart/Materials/Stage.mat using Guid(19f8a934c4d1c2b47b1d094b83f39fb0) Importer(815301076,1909f56bfc062723c751e8b465ee728b)  -> (artifact id: '401e1b2a5aabb7cea2ecc4923b8e49be') in 0.098880 seconds 
========================================================================
Received Import Request.
  Time since last request: 0.000177 seconds.
  path: Assets/RPG Monster Duo PBR Polyart/Materials/Skybox_Mat.mat
  artifactKey: Guid(97f1fc767078c904184a5800339690a2) Importer(815301076,1909f56bfc062723c751e8b465ee728b)
Start importing Assets/RPG Monster Duo PBR Polyart/Materials/Skybox_Mat.mat using Guid(97f1fc767078c904184a5800339690a2) Importer(815301076,1909f56bfc062723c751e8b465ee728b)  -> (artifact id: '97fcdcb554add831a2e5e1dd8253617c') in 0.011164 seconds 
========================================================================
Received Import Request.
  Time since last request: 0.000197 seconds.
  path: Assets/RPG Monster Duo PBR Polyart/Materials/SlimePBR.mat
  artifactKey: Guid(d357a802e5ef4d44d829d89dfb1a341c) Importer(815301076,1909f56bfc062723c751e8b465ee728b)
Start importing Assets/RPG Monster Duo PBR Polyart/Materials/SlimePBR.mat using Guid(d357a802e5ef4d44d829d89dfb1a341c) Importer(815301076,1909f56bfc062723c751e8b465ee728b)  -> (artifact id: '0661990e6c56164a5d1f45e168788961') in 0.023406 seconds 
========================================================================
Received Import Request.
  Time since last request: 2.858235 seconds.
  path: Assets/RPG Monster Duo PBR Polyart/Meshes/SlimeMesh.fbx
  artifactKey: Guid(1f499d0eded7a4245b0c36149a43da4f) Importer(815301076,1909f56bfc062723c751e8b465ee728b)
Start importing Assets/RPG Monster Duo PBR Polyart/Meshes/SlimeMesh.fbx using Guid(1f499d0eded7a4245b0c36149a43da4f) Importer(815301076,1909f56bfc062723c751e8b465ee728b)  -> (artifact id: 'dca8644586d93db75fa2897cca313349') in 0.230369 seconds 
========================================================================
Received Import Request.
  Time since last request: 0.000216 seconds.
  path: Assets/RPG Monster Duo PBR Polyart/Meshes/StageMesh.fbx
  artifactKey: Guid(550cdd9b4c76ad645b99cd9eea1bb745) Importer(815301076,1909f56bfc062723c751e8b465ee728b)
Start importing Assets/RPG Monster Duo PBR Polyart/Meshes/StageMesh.fbx using Guid(550cdd9b4c76ad645b99cd9eea1bb745) Importer(815301076,1909f56bfc062723c751e8b465ee728b)  -> (artifact id: '8dae3bfbe2afda9a91c8d88a0e03d2b3') in 0.032223 seconds 
========================================================================
Received Import Request.
  Time since last request: 0.000168 seconds.
  path: Assets/RPG Monster Duo PBR Polyart/Meshes/SlimeMeshPBR.fbx
  artifactKey: Guid(032e9c3d6b8f7bd4281b52741574f3af) Importer(815301076,1909f56bfc062723c751e8b465ee728b)
Start importing Assets/RPG Monster Duo PBR Polyart/Meshes/SlimeMeshPBR.fbx using Guid(032e9c3d6b8f7bd4281b52741574f3af) Importer(815301076,1909f56bfc062723c751e8b465ee728b)  -> (artifact id: '461e5a441afaca9728d917003a77ca66') in 0.028035 seconds 
========================================================================
Received Import Request.
  Time since last request: 0.000170 seconds.
  path: Assets/RPG Monster Duo PBR Polyart/Meshes/TurtleShellMesh.fbx
  artifactKey: Guid(56dd4edec19a3b04195448769c085dfc) Importer(815301076,1909f56bfc062723c751e8b465ee728b)
Start importing Assets/RPG Monster Duo PBR Polyart/Meshes/TurtleShellMesh.fbx using Guid(56dd4edec19a3b04195448769c085dfc) Importer(815301076,1909f56bfc062723c751e8b465ee728b)  -> (artifact id: 'e6015b1889981b9bb57ec1120c898c09') in 0.035826 seconds 
========================================================================
Received Import Request.
  Time since last request: 0.000157 seconds.
  path: Assets/RPG Monster Duo PBR Polyart/Meshes/TurtleShellMeshPBR.fbx
  artifactKey: Guid(0d3c605385d6d9547a1e3f24e8248962) Importer(815301076,1909f56bfc062723c751e8b465ee728b)
Start importing Assets/RPG Monster Duo PBR Polyart/Meshes/TurtleShellMeshPBR.fbx using Guid(0d3c605385d6d9547a1e3f24e8248962) Importer(815301076,1909f56bfc062723c751e8b465ee728b)  -> (artifact id: '69e8277b3d3908b6ad5861833be4b33a') in 0.032999 seconds 
========================================================================
Received Import Request.
  Time since last request: 130.401804 seconds.
  path: Assets/RPG Monster Duo PBR Polyart/Animators/TurtleShell.controller
  artifactKey: Guid(1b58d63f942126347865fbdde70e67c5) Importer(815301076,1909f56bfc062723c751e8b465ee728b)
Start importing Assets/RPG Monster Duo PBR Polyart/Animators/TurtleShell.controller using Guid(1b58d63f942126347865fbdde70e67c5) Importer(815301076,1909f56bfc062723c751e8b465ee728b)  -> (artifact id: '5518f05634637dbab7a23789f1645218') in 0.160149 seconds 
========================================================================
Received Import Request.
  Time since last request: 18.560414 seconds.
  path: Assets/RPG Monster Duo PBR Polyart/Animators/Slime.controller
  artifactKey: Guid(fb53b4d3a4f06844c90da7297e9082de) Importer(815301076,1909f56bfc062723c751e8b465ee728b)
Start importing Assets/RPG Monster Duo PBR Polyart/Animators/Slime.controller using Guid(fb53b4d3a4f06844c90da7297e9082de) Importer(815301076,1909f56bfc062723c751e8b465ee728b)  -> (artifact id: '44004f659cd6208c7230a140ea321fc2') in 0.007341 seconds 
========================================================================
Received Import Request.
  Time since last request: 11.889311 seconds.
  path: Assets/RPG Monster Duo PBR Polyart/Animations/TurtleShell/Attack01_TurtleShell_Anim.fbx
  artifactKey: Guid(18d0edd1f2ba4444d9ba9bdf01f251d4) Importer(815301076,1909f56bfc062723c751e8b465ee728b)
Start importing Assets/RPG Monster Duo PBR Polyart/Animations/TurtleShell/Attack01_TurtleShell_Anim.fbx using Guid(18d0edd1f2ba4444d9ba9bdf01f251d4) Importer(815301076,1909f56bfc062723c751e8b465ee728b)  -> (artifact id: 'e2c0f82208a9004fe88df8774fcd83fd') in 0.027726 seconds 
========================================================================
Received Import Request.
  Time since last request: 0.000228 seconds.
  path: Assets/RPG Monster Duo PBR Polyart/Animations/TurtleShell/DefendHit_TurtleShell_Anim.fbx
  artifactKey: Guid(2c6157875a0088f46bb6a78179983ab2) Importer(815301076,1909f56bfc062723c751e8b465ee728b)
Start importing Assets/RPG Monster Duo PBR Polyart/Animations/TurtleShell/DefendHit_TurtleShell_Anim.fbx using Guid(2c6157875a0088f46bb6a78179983ab2) Importer(815301076,1909f56bfc062723c751e8b465ee728b)  -> (artifact id: 'd3ead3b4eaa741be77d282e247db9f57') in 0.050973 seconds 
========================================================================
Received Import Request.
  Time since last request: 0.000187 seconds.
  path: Assets/RPG Monster Duo PBR Polyart/Animations/TurtleShell/Attack02_TurtleShell_Anim.fbx
  artifactKey: Guid(24d275f677a39b245a5e175f24e345a0) Importer(815301076,1909f56bfc062723c751e8b465ee728b)
Start importing Assets/RPG Monster Duo PBR Polyart/Animations/TurtleShell/Attack02_TurtleShell_Anim.fbx using Guid(24d275f677a39b245a5e175f24e345a0) Importer(815301076,1909f56bfc062723c751e8b465ee728b)  -> (artifact id: '8783bf317d3984b8283c56f6e3ac9804') in 0.033214 seconds 
========================================================================
Received Import Request.
  Time since last request: 0.000168 seconds.
  path: Assets/RPG Monster Duo PBR Polyart/Animations/TurtleShell/Die_TurtleShell_Anim.fbx
  artifactKey: Guid(d57bb9f35b232f546851ae283a6a4310) Importer(815301076,1909f56bfc062723c751e8b465ee728b)
Start importing Assets/RPG Monster Duo PBR Polyart/Animations/TurtleShell/Die_TurtleShell_Anim.fbx using Guid(d57bb9f35b232f546851ae283a6a4310) Importer(815301076,1909f56bfc062723c751e8b465ee728b)  -> (artifact id: '8c9970125f06e711f0e5b3e89415c1b0') in 0.025514 seconds 
========================================================================
Received Import Request.
  Time since last request: 0.000193 seconds.
  path: Assets/RPG Monster Duo PBR Polyart/Animations/Slime/Attack02_Slime_Anim.fbx
  artifactKey: Guid(8254c95c1caa1da4cb1d22972c413dad) Importer(815301076,1909f56bfc062723c751e8b465ee728b)
Start importing Assets/RPG Monster Duo PBR Polyart/Animations/Slime/Attack02_Slime_Anim.fbx using Guid(8254c95c1caa1da4cb1d22972c413dad) Importer(815301076,1909f56bfc062723c751e8b465ee728b)  -> (artifact id: '873a93a2d0f6a56eae1f26ccd3c89b1c') in 0.028718 seconds 
========================================================================
Received Import Request.
  Time since last request: 0.000158 seconds.
  path: Assets/RPG Monster Duo PBR Polyart/Animations/Slime/Attack01_Slime_Anim.fbx
  artifactKey: Guid(438236b1bb4dc03468cb3f2d12fa922c) Importer(815301076,1909f56bfc062723c751e8b465ee728b)
Start importing Assets/RPG Monster Duo PBR Polyart/Animations/Slime/Attack01_Slime_Anim.fbx using Guid(438236b1bb4dc03468cb3f2d12fa922c) Importer(815301076,1909f56bfc062723c751e8b465ee728b)  -> (artifact id: '7c0a33c6a252c450a85df800d1e65ec9') in 0.027241 seconds 
========================================================================
Received Import Request.
  Time since last request: 0.000212 seconds.
  path: Assets/RPG Monster Duo PBR Polyart/Animations/TurtleShell/Defend_TurtleShell_Anim.fbx
  artifactKey: Guid(eece6c7b0fef3a74cacd7b1169d86d3b) Importer(815301076,1909f56bfc062723c751e8b465ee728b)
Start importing Assets/RPG Monster Duo PBR Polyart/Animations/TurtleShell/Defend_TurtleShell_Anim.fbx using Guid(eece6c7b0fef3a74cacd7b1169d86d3b) Importer(815301076,1909f56bfc062723c751e8b465ee728b)  -> (artifact id: 'f2090cf857a24b4fe4bfb0218608d685') in 0.030456 seconds 
========================================================================
Received Import Request.
  Time since last request: 0.000153 seconds.
  path: Assets/RPG Monster Duo PBR Polyart/Animations/Slime/Die_Slime_Anim.fbx
  artifactKey: Guid(f76b9b823f2fc9a469d0c2c780514380) Importer(815301076,1909f56bfc062723c751e8b465ee728b)
Start importing Assets/RPG Monster Duo PBR Polyart/Animations/Slime/Die_Slime_Anim.fbx using Guid(f76b9b823f2fc9a469d0c2c780514380) Importer(815301076,1909f56bfc062723c751e8b465ee728b)  -> (artifact id: 'bc0587ac6234a3d61d7fb62ce8863c5b') in 0.025051 seconds 
========================================================================
Received Import Request.
  Time since last request: 4.038491 seconds.
  path: Assets/RPG Monster Duo PBR Polyart/Animations/Slime/Dizzy_Slime_Anim.fbx
  artifactKey: Guid(08a0ee10a8d761e41bf8bc9b832040d1) Importer(815301076,1909f56bfc062723c751e8b465ee728b)
Start importing Assets/RPG Monster Duo PBR Polyart/Animations/Slime/Dizzy_Slime_Anim.fbx using Guid(08a0ee10a8d761e41bf8bc9b832040d1) Importer(815301076,1909f56bfc062723c751e8b465ee728b)  -> (artifact id: '77d6b16bc6a146b2ff84771f806ff760') in 0.029539 seconds 
========================================================================
Received Import Request.
  Time since last request: 0.000156 seconds.
  path: Assets/RPG Monster Duo PBR Polyart/Animations/TurtleShell/Dizzy_TurtleShell_Anim.fbx
  artifactKey: Guid(b8e1da2ff6963da4b8483eeae18b60a5) Importer(815301076,1909f56bfc062723c751e8b465ee728b)
Start importing Assets/RPG Monster Duo PBR Polyart/Animations/TurtleShell/Dizzy_TurtleShell_Anim.fbx using Guid(b8e1da2ff6963da4b8483eeae18b60a5) Importer(815301076,1909f56bfc062723c751e8b465ee728b)  -> (artifact id: '6201e09745441540baa88ec2fd804282') in 0.042656 seconds 
========================================================================
Received Import Request.
  Time since last request: 1.098050 seconds.
  path: Assets/RPG Monster Duo PBR Polyart/Animations/TurtleShell/GetHit_TurtleShell_Anim.fbx
  artifactKey: Guid(b374e22ebb027494eaf0e15709666b60) Importer(815301076,1909f56bfc062723c751e8b465ee728b)
Start importing Assets/RPG Monster Duo PBR Polyart/Animations/TurtleShell/GetHit_TurtleShell_Anim.fbx using Guid(b374e22ebb027494eaf0e15709666b60) Importer(815301076,1909f56bfc062723c751e8b465ee728b)  -> (artifact id: '85b9f9c2fd04e807d3ae398d3ed46a55') in 0.026541 seconds 
========================================================================
Received Import Request.
  Time since last request: 0.000169 seconds.
  path: Assets/RPG Monster Duo PBR Polyart/Animations/Slime/GetHit_Slime_Anim.fbx
  artifactKey: Guid(a4dd2805a4cbc5b428b746ff8cf375c4) Importer(815301076,1909f56bfc062723c751e8b465ee728b)
Start importing Assets/RPG Monster Duo PBR Polyart/Animations/Slime/GetHit_Slime_Anim.fbx using Guid(a4dd2805a4cbc5b428b746ff8cf375c4) Importer(815301076,1909f56bfc062723c751e8b465ee728b)  -> (artifact id: '92b0d307d651f78aa3b126efd1888caf') in 0.056784 seconds 
========================================================================
Received Import Request.
  Time since last request: 0.000163 seconds.
  path: Assets/RPG Monster Duo PBR Polyart/Animations/Slime/IdleBattle_Slime_Anim.fbx
  artifactKey: Guid(2bfd6fdaf6b23874ca93fca2e578b931) Importer(815301076,1909f56bfc062723c751e8b465ee728b)
Start importing Assets/RPG Monster Duo PBR Polyart/Animations/Slime/IdleBattle_Slime_Anim.fbx using Guid(2bfd6fdaf6b23874ca93fca2e578b931) Importer(815301076,1909f56bfc062723c751e8b465ee728b)  -> (artifact id: '0243eb0a06867ac51c3d48b530bef2e5') in 0.027009 seconds 
========================================================================
Received Import Request.
  Time since last request: 1.860472 seconds.
  path: Assets/RPG Monster Duo PBR Polyart/Animations/TurtleShell/IdleBattle_TurtleShell_Anim.fbx
  artifactKey: Guid(e599599913457404aa360071350dd7c4) Importer(815301076,1909f56bfc062723c751e8b465ee728b)
Start importing Assets/RPG Monster Duo PBR Polyart/Animations/TurtleShell/IdleBattle_TurtleShell_Anim.fbx using Guid(e599599913457404aa360071350dd7c4) Importer(815301076,1909f56bfc062723c751e8b465ee728b)  -> (artifact id: 'fe2846fab81ac21125a0bfd92220e4c1') in 0.026463 seconds 
========================================================================
Received Import Request.
  Time since last request: 0.000138 seconds.
  path: Assets/RPG Monster Duo PBR Polyart/Animations/TurtleShell/IdleNormal_TurtleShell_Anim.fbx
  artifactKey: Guid(1b1e02561fcbcf64c82b7c02dfb9f53b) Importer(815301076,1909f56bfc062723c751e8b465ee728b)
Start importing Assets/RPG Monster Duo PBR Polyart/Animations/TurtleShell/IdleNormal_TurtleShell_Anim.fbx using Guid(1b1e02561fcbcf64c82b7c02dfb9f53b) Importer(815301076,1909f56bfc062723c751e8b465ee728b)  -> (artifact id: '6b4db0dc966576ff211725439b62aa84') in 0.045712 seconds 
========================================================================
Received Import Request.
  Time since last request: 0.993721 seconds.
  path: Assets/RPG Monster Duo PBR Polyart/Animations/Slime/IdleNormal_Slime_Anim.fbx
  artifactKey: Guid(21b5bb1519e484148aa30042c43904c0) Importer(815301076,1909f56bfc062723c751e8b465ee728b)
Start importing Assets/RPG Monster Duo PBR Polyart/Animations/Slime/IdleNormal_Slime_Anim.fbx using Guid(21b5bb1519e484148aa30042c43904c0) Importer(815301076,1909f56bfc062723c751e8b465ee728b)  -> (artifact id: 'd51f8aee1c3707e3add561eb68705801') in 0.029771 seconds 
========================================================================
Received Import Request.
  Time since last request: 1.230504 seconds.
  path: Assets/RPG Monster Duo PBR Polyart/Animations/TurtleShell/Run_TurtleShell_Anim.fbx
  artifactKey: Guid(7167b0d559da22d439a92af6ec59a2ad) Importer(815301076,1909f56bfc062723c751e8b465ee728b)
Start importing Assets/RPG Monster Duo PBR Polyart/Animations/TurtleShell/Run_TurtleShell_Anim.fbx using Guid(7167b0d559da22d439a92af6ec59a2ad) Importer(815301076,1909f56bfc062723c751e8b465ee728b)  -> (artifact id: 'a1bd55bf7840432e590e87c9d9a93494') in 0.036746 seconds 
========================================================================
Received Import Request.
  Time since last request: 0.000170 seconds.
  path: Assets/RPG Monster Duo PBR Polyart/Animations/Slime/Run_Slime_Anim.fbx
  artifactKey: Guid(dbf4e442d523220489ca9531ab20161f) Importer(815301076,1909f56bfc062723c751e8b465ee728b)
Start importing Assets/RPG Monster Duo PBR Polyart/Animations/Slime/Run_Slime_Anim.fbx using Guid(dbf4e442d523220489ca9531ab20161f) Importer(815301076,1909f56bfc062723c751e8b465ee728b)  -> (artifact id: '8d14c5bc85e07389e8516ed2c6dac6f1') in 0.045028 seconds 
========================================================================
Received Import Request.
  Time since last request: 1.731255 seconds.
  path: Assets/RPG Monster Duo PBR Polyart/Animations/Slime/SenseSomethingRoutine_Slime_Anim.fbx
  artifactKey: Guid(7598b72533d77114287ffbe12e3f9178) Importer(815301076,1909f56bfc062723c751e8b465ee728b)
Start importing Assets/RPG Monster Duo PBR Polyart/Animations/Slime/SenseSomethingRoutine_Slime_Anim.fbx using Guid(7598b72533d77114287ffbe12e3f9178) Importer(815301076,1909f56bfc062723c751e8b465ee728b)  -> (artifact id: 'b95dfa3ec0a9e572b4571d95728db178') in 0.025655 seconds 
========================================================================
Received Import Request.
  Time since last request: 0.000165 seconds.
  path: Assets/RPG Monster Duo PBR Polyart/Animations/TurtleShell/SenseSomethingRT_TurtleShell_Anim.fbx
  artifactKey: Guid(ddc2a58dd3a46bc4aae83f0b6792d4ee) Importer(815301076,1909f56bfc062723c751e8b465ee728b)
Start importing Assets/RPG Monster Duo PBR Polyart/Animations/TurtleShell/SenseSomethingRT_TurtleShell_Anim.fbx using Guid(ddc2a58dd3a46bc4aae83f0b6792d4ee) Importer(815301076,1909f56bfc062723c751e8b465ee728b)  -> (artifact id: 'bea08d450c1696a7c83e31f53cb3ee3d') in 0.051403 seconds 
========================================================================
Received Prepare
Registering precompiled user dll's ...
Registered in 0.001576 seconds.
Begin MonoManager ReloadAssembly
Native extension for OSXStandalone target not found
Native extension for WebGL target not found
Refreshing native plugins compatible for Editor in 0.55 ms, found 2 plugins.
Preloading 0 native plugins for Editor in 0.00 ms.
Mono: successfully reloaded assembly
- Completed reload, in  1.431 seconds
Domain Reload Profiling:
	ReloadAssembly (1432ms)
		BeginReloadAssembly (223ms)
			ExecutionOrderSort (0ms)
			DisableScriptedObjects (6ms)
			BackupInstance (0ms)
			ReleaseScriptingObjects (0ms)
			CreateAndSetChildDomain (109ms)
		EndReloadAssembly (1109ms)
			LoadAssemblies (113ms)
			RebuildTransferFunctionScriptingTraits (0ms)
			SetupTypeCache (409ms)
			ReleaseScriptCaches (1ms)
			RebuildScriptCaches (58ms)
			SetupLoadedEditorAssemblies (392ms)
				LogAssemblyErrors (0ms)
				InitializePlatformSupportModulesInManaged (5ms)
				SetLoadedEditorAssemblies (1ms)
				RefreshPlugins (1ms)
				BeforeProcessingInitializeOnLoad (108ms)
				ProcessInitializeOnLoadAttributes (264ms)
				ProcessInitializeOnLoadMethodAttributes (12ms)
				AfterProcessingInitializeOnLoad (1ms)
				EditorAssembliesLoaded (0ms)
			ExecutionOrderSort2 (0ms)
			AwakeInstancesAfterBackupRestoration (7ms)
Platform modules already initialized, skipping
Refreshing native plugins compatible for Editor in 0.61 ms, found 2 plugins.
Preloading 0 native plugins for Editor in 0.00 ms.
Unloading 2565 Unused Serialized files (Serialized files now loaded: 0)
System memory in use before: 290.2 MB.
System memory in use after: 290.4 MB.

Unloading 18 unused Assets to reduce memory usage. Loaded Objects now: 3168.
Total: 3.289481 ms (FindLiveObjects: 0.187519 ms CreateObjectMapping: 0.104637 ms MarkObjects: 2.938413 ms  DeleteObjects: 0.058282 ms)

AssetImportParameters requested are different than current active one (requested -> active):
  custom:video-decoder-ogg-theora: a1e56fd34408186e4bbccfd4996cb3dc -> 
  custom:container-muxer-webm: aa71ff27fc2769a1b78a27578f13a17b -> 
  custom:container-demuxer-webm: 4f35f7cbe854078d1ac9338744f61a02 -> 
  custom:container-demuxer-ogg: 62fdf1f143b41e24485cea50d1cbac27 -> 
  custom:video-encoder-webm-vp8: eb34c28f22e8b96e1ab97ce403110664 -> 
  custom:framework-osx-AVFoundation: e770b220cccbd017edd2c1fefb359320 -> 
  custom:video-decoder-webm-vp8: 9c59270c3fd7afecdb556c50c9e8de78 -> 
  custom:audio-decoder-ogg-vorbis: bf7c407c2cedff20999df2af8eb42d56 -> 
  custom:audio-encoder-webm-vorbis: bf7c407c2cedff20999df2af8eb42d56 -> 
========================================================================
Received Prepare
Registering precompiled user dll's ...
Registered in 0.001600 seconds.
Begin MonoManager ReloadAssembly
Native extension for OSXStandalone target not found
Native extension for WebGL target not found
Refreshing native plugins compatible for Editor in 0.53 ms, found 2 plugins.
Preloading 0 native plugins for Editor in 0.00 ms.
Mono: successfully reloaded assembly
- Completed reload, in  1.244 seconds
Domain Reload Profiling:
	ReloadAssembly (1244ms)
		BeginReloadAssembly (148ms)
			ExecutionOrderSort (0ms)
			DisableScriptedObjects (4ms)
			BackupInstance (0ms)
			ReleaseScriptingObjects (0ms)
			CreateAndSetChildDomain (65ms)
		EndReloadAssembly (1038ms)
			LoadAssemblies (71ms)
			RebuildTransferFunctionScriptingTraits (0ms)
			SetupTypeCache (331ms)
			ReleaseScriptCaches (1ms)
			RebuildScriptCaches (60ms)
			SetupLoadedEditorAssemblies (414ms)
				LogAssemblyErrors (0ms)
				InitializePlatformSupportModulesInManaged (4ms)
				SetLoadedEditorAssemblies (0ms)
				RefreshPlugins (1ms)
				BeforeProcessingInitializeOnLoad (108ms)
				ProcessInitializeOnLoadAttributes (287ms)
				ProcessInitializeOnLoadMethodAttributes (12ms)
				AfterProcessingInitializeOnLoad (2ms)
				EditorAssembliesLoaded (0ms)
			ExecutionOrderSort2 (0ms)
			AwakeInstancesAfterBackupRestoration (15ms)
Platform modules already initialized, skipping
Refreshing native plugins compatible for Editor in 0.55 ms, found 2 plugins.
Preloading 0 native plugins for Editor in 0.00 ms.
Unloading 2565 Unused Serialized files (Serialized files now loaded: 0)
System memory in use before: 291.2 MB.
System memory in use after: 291.4 MB.

Unloading 16 unused Assets to reduce memory usage. Loaded Objects now: 3182.
Total: 3.618118 ms (FindLiveObjects: 0.252775 ms CreateObjectMapping: 0.369417 ms MarkObjects: 2.947374 ms  DeleteObjects: 0.047970 ms)

AssetImportParameters requested are different than current active one (requested -> active):
  custom:video-decoder-ogg-theora: a1e56fd34408186e4bbccfd4996cb3dc -> 
  custom:container-muxer-webm: aa71ff27fc2769a1b78a27578f13a17b -> 
  custom:container-demuxer-webm: 4f35f7cbe854078d1ac9338744f61a02 -> 
  custom:container-demuxer-ogg: 62fdf1f143b41e24485cea50d1cbac27 -> 
  custom:video-encoder-webm-vp8: eb34c28f22e8b96e1ab97ce403110664 -> 
  custom:framework-osx-AVFoundation: e770b220cccbd017edd2c1fefb359320 -> 
  custom:video-decoder-webm-vp8: 9c59270c3fd7afecdb556c50c9e8de78 -> 
  custom:audio-decoder-ogg-vorbis: bf7c407c2cedff20999df2af8eb42d56 -> 
  custom:audio-encoder-webm-vorbis: bf7c407c2cedff20999df2af8eb42d56 -> 
AssetImportWorkerClient::OnTransportError - code=2 error=End of file
